Arguments: 
  /usr/bin/node /usr/bin/yarn add --dev elm-analyse

PATH: 
  /home/alessandro/.local/bin:/home/alessandro/.local/bin:/home/alessandro/.local/bin:/usr/local/sbin:/usr/local/bin:/usr/sbin:/usr/bin:/sbin:/bin:/usr/games:/usr/local/games:/snap/bin:/home/alessandro/apps/WebStorm-212.5284.41/bin:/home/alessandro/apps/WebStorm-212.5284.41/bin

Yarn version: 
  1.22.15

Node version: 
  14.18.0

Platform: 
  linux x64

Trace: 
  SyntaxError: /home/alessandro/Documents/dev/prima/prima-elm-extra/package.json: Unexpected token } in JSON at position 93
      at JSON.parse (<anonymous>)
      at /usr/lib/node_modules/yarn/lib/cli.js:1625:59
      at Generator.next (<anonymous>)
      at step (/usr/lib/node_modules/yarn/lib/cli.js:310:30)
      at /usr/lib/node_modules/yarn/lib/cli.js:321:13

npm manifest: 
  {
    "name": "prima-elm-extra",
    "repository": "git@github.com:primait/prima-elm-extra.git",
  }

yarn manifest: 
  No manifest

Lockfile: 
  No lockfile
